1705659502181	geckodriver	INFO	Listening on 127.0.0.1:56806
1705659505269	mozrunner::runner	INFO	Running command: "C:\\Program Files\\Mozilla Firefox\\firefox.exe" "--marionette" "--proxy-server=npizbqrh:3ncqub9asf45:38.15 ... 7" "--remote-allow-hosts" "localhost" "-no-remote" "-profile" "C:\\Users\\Rhass\\AppData\\Local\\Temp\\rust_mozprofile14t5pD"
*** You are running in headless mode.
console.warn: services.settings: Ignoring preference override of remote settings server
console.warn: services.settings: Allow by setting MOZ_REMOTE_SETTINGS_DEVTOOLS=1 in the environment
1705659505599	Marionette	INFO	Marionette enabled
Dynamically enable window occlusion 0
console.error: "Warning: unrecognized command line flag" "-proxy-server"
1705659505687	Marionette	INFO	Listening on port 56826
WebDriver BiDi listening on ws://127.0.0.1:56807
Read port: 56826
1705659505863	RemoteAgent	WARN	TLS certificate errors will be ignored for this session
1705659505887	RemoteAgent	INFO	Proxy settings initialised: {"proxyType":"manual","httpProxy":"127.0.0.1:56805","sslProxy":"127.0.0.1:56805"}
[GFX1-]: RenderCompositorSWGL failed mapping default framebuffer, no dt
console.error: ({})
DevTools listening on ws://127.0.0.1:56807/devtools/browser/8258305d-de52-4e7f-93b2-f44bdf7dff06
Exiting due to channel error.
1705659611938	geckodriver	INFO	Listening on 127.0.0.1:56971
1705659615017	mozrunner::runner	INFO	Running command: "C:\\Program Files\\Mozilla Firefox\\firefox.exe" "--marionette" "start-maximized" "--headless" "--remote-de ... 2" "--remote-allow-hosts" "localhost" "-no-remote" "-profile" "C:\\Users\\Rhass\\AppData\\Local\\Temp\\rust_mozprofileazOheC"
*** You are running in headless mode.
console.warn: services.settings: Ignoring preference override of remote settings server
console.warn: services.settings: Allow by setting MOZ_REMOTE_SETTINGS_DEVTOOLS=1 in the environment
1705659615275	Marionette	INFO	Marionette enabled
Dynamically enable window occlusion 0
WebDriver BiDi listening on ws://localhost:56972
1705659615338	Marionette	INFO	Listening on port 56980
Read port: 56980
1705659615472	RemoteAgent	WARN	TLS certificate errors will be ignored for this session
1705659615498	RemoteAgent	INFO	Proxy settings initialised: {"proxyType":"manual","httpProxy":"127.0.0.1:56970","sslProxy":"127.0.0.1:56970"}
[GFX1-]: RenderCompositorSWGL failed mapping default framebuffer, no dt
console.error: ({})
DevTools listening on ws://localhost:56972/devtools/browser/1d3b28f9-a31d-430b-a2b3-ebfd66badcbc
1705752286592	geckodriver	INFO	Listening on 127.0.0.1:54869
1705752289663	mozrunner::runner	INFO	Running command: "C:\\Program Files\\Mozilla Firefox\\firefox.exe" "--marionette" "user-agent=Mozilla/5.0 (Windows NT 6.2; WO ... 0" "--remote-allow-hosts" "localhost" "-no-remote" "-profile" "C:\\Users\\Rhass\\AppData\\Local\\Temp\\rust_mozprofileGlT2C5"
*** You are running in headless mode.
console.warn: services.settings: Ignoring preference override of remote settings server
console.warn: services.settings: Allow by setting MOZ_REMOTE_SETTINGS_DEVTOOLS=1 in the environment
1705752289998	Marionette	INFO	Marionette enabled
Dynamically enable window occlusion 0
1705752290065	Marionette	INFO	Listening on port 54884
Read port: 54884
WebDriver BiDi listening on ws://127.0.0.1:54870
1705752290120	RemoteAgent	WARN	TLS certificate errors will be ignored for this session
1705752290150	RemoteAgent	INFO	Proxy settings initialised: {"proxyType":"manual","httpProxy":"127.0.0.1:54868","sslProxy":"127.0.0.1:54868"}
[GFX1-]: RenderCompositorSWGL failed mapping default framebuffer, no dt
console.error: ({})
DevTools listening on ws://127.0.0.1:54870/devtools/browser/322724f3-2adf-423c-b47e-9786c8d23a3f
1705752320020	addons.xpi	ERROR	System addon update list error SyntaxError: XMLHttpRequest.open: 'http://%(server)s/dummy-system-addons.xml' is not a valid URL.
JavaScript error: , line 0: NS_ERROR_NOT_AVAILABLE
1705838839633	addons.xpi	ERROR	System addon update list error SyntaxError: XMLHttpRequest.open: 'http://%(server)s/dummy-system-addons.xml' is not a valid URL.
JavaScript error: , line 0: NS_ERROR_NOT_AVAILABLE
1705925239403	addons.xpi	ERROR	System addon update list error SyntaxError: XMLHttpRequest.open: 'http://%(server)s/dummy-system-addons.xml' is not a valid URL.
JavaScript error: , line 0: NS_ERROR_NOT_AVAILABLE
1706011641044	addons.xpi	ERROR	System addon update list error SyntaxError: XMLHttpRequest.open: 'http://%(server)s/dummy-system-addons.xml' is not a valid URL.
JavaScript error: , line 0: NS_ERROR_NOT_AVAILABLE
1706098045162	addons.xpi	ERROR	System addon update list error SyntaxError: XMLHttpRequest.open: 'http://%(server)s/dummy-system-addons.xml' is not a valid URL.
JavaScript error: , line 0: NS_ERROR_NOT_AVAILABLE
1706198248403	addons.xpi	ERROR	System addon update list error SyntaxError: XMLHttpRequest.open: 'http://%(server)s/dummy-system-addons.xml' is not a valid URL.
JavaScript error: , line 0: NS_ERROR_NOT_AVAILABLE
n update list error SyntaxError: XMLHttpRequest.open: 'http://%(server)s/dummy-system-addons.xml' is not a valid URL.
JavaScript error: , line 0: NS_ERROR_NOT_AVAILABLE
1705838837940	addons.xpi	ERROR	System addon update list error SyntaxError: XMLHttpRequest.open: 'http://%(server)s/dummy-system-addons.xml' is not a valid URL.
JavaScript error: , line 0: NS_ERROR_NOT_AVAILABLE
1705925240604	addons.xpi	ERROR	System addon update list error SyntaxError: XMLHttpRequest.open: 'http://%(server)s/dummy-system-addons.xml' is not a valid URL.
JavaScript error: , line 0: NS_ERROR_NOT_AVAILABLE
1706011640299	addons.xpi	ERROR	System addon update list error SyntaxError: XMLHttpRequest.open: 'http://%(server)s/dummy-system-addons.xml' is not a valid URL.
JavaScript error: , line 0: NS_ERROR_NOT_AVAILABLE
1706098041530	addons.xpi	ERROR	System addon update list error SyntaxError: XMLHttpRequest.open: 'http://%(server)s/dummy-system-addons.xml' is not a valid URL.
JavaScript error: , line 0: NS_ERROR_NOT_AVAILABLE
1706198263289	addons.xpi	ERROR	System addon update list error SyntaxError: XMLHttpRequest.open: 'http://%(server)s/dummy-system-addons.xml' is not a valid URL.
JavaScript error: , line 0: NS_ERROR_NOT_AVAILABLE
DevTools listening on ws://127.0.0.1:55128/devtools/browser/778caa6e-ea45-496f-85ca-c59168b94cac
console.error: ({})
JavaScript error: resource://gre/modules/XULStore.sys.mjs, line 60: Error: Can't find profile directory.
1705752402704	addons.xpi	ERROR	System addon update list error SyntaxError: XMLHttpRequest.open: 'http://%(server)s/dummy-system-addons.xml' is not a valid URL.
JavaScript error: , line 0: NS_ERROR_NOT_AVAILABLE
1705838837868	addons.xpi	ERROR	System addon update list error SyntaxError: XMLHttpRequest.open: 'http://%(server)s/dummy-system-addons.xml' is not a valid URL.
JavaScript error: , line 0: NS_ERROR_NOT_AVAILABLE
1705925242136	addons.xpi	ERROR	System addon update list error SyntaxError: XMLHttpRequest.open: 'http://%(server)s/dummy-system-addons.xml' is not a valid URL.
JavaScript error: , line 0: NS_ERROR_NOT_AVAILABLE
1706011642319	addons.xpi	ERROR	System addon update list error SyntaxError: XMLHttpRequest.open: 'http://%(server)s/dummy-system-addons.xml' is not a valid URL.
JavaScript error: , line 0: NS_ERROR_NOT_AVAILABLE
1706098042470	addons.xpi	ERROR	System addon update list error SyntaxError: XMLHttpRequest.open: 'http://%(server)s/dummy-system-addons.xml' is not a valid URL.
JavaScript error: , line 0: NS_ERROR_NOT_AVAILABLE
1706198251189	addons.xpi	ERROR	System addon update list error SyntaxError: XMLHttpRequest.open: 'http://%(server)s/dummy-system-addons.xml' is not a valid URL.
JavaScript error: , line 0: NS_ERROR_NOT_AVAILABLE
DevTools listening on ws://127.0.0.1:55332/devtools/browser/10975cfb-6968-4831-935e-3822975a73a7
console.error: ({})
JavaScript error: resource://gre/modules/XULStore.sys.mjs, line 60: Error: Can't find profile directory.
1705752448611	addons.xpi	ERROR	System addon update list error SyntaxError: XMLHttpRequest.open: 'http://%(server)s/dummy-system-addons.xml' is not a valid URL.
JavaScript error: , line 0: NS_ERROR_NOT_AVAILABLE
1705838849394	addons.xpi	ERROR	System addon update list error SyntaxError: XMLHttpRequest.open: 'http://%(server)s/dummy-system-addons.xml' is not a valid URL.
JavaScript error: , line 0: NS_ERROR_NOT_AVAILABLE
1705925250994	addons.xpi	ERROR	System addon update list error SyntaxError: XMLHttpRequest.open: 'http://%(server)s/dummy-system-addons.xml' is not a valid URL.
JavaScript error: , line 0: NS_ERROR_NOT_AVAILABLE
1706011656332	addons.xpi	ERROR	System addon update list error SyntaxError: XMLHttpRequest.open: 'http://%(server)s/dummy-system-addons.xml' is not a valid URL.
JavaScript error: , line 0: NS_ERROR_NOT_AVAILABLE
1706098054488	addons.xpi	ERROR	System addon update list error SyntaxError: XMLHttpRequest.open: 'http://%(server)s/dummy-system-addons.xml' is not a valid URL.
JavaScript error: , line 0: NS_ERROR_NOT_AVAILABLE
1706198300072	addons.xpi	ERROR	System addon update list error SyntaxError: XMLHttpRequest.open: 'http://%(server)s/dummy-system-addons.xml' is not a valid URL.
ng default framebuffer, no dt
console.error: ({})
DevTools listening on ws://127.0.0.1:55613/devtools/browser/ed8030ea-694b-4769-add2-2db24d5e4121
console.error: ({})
JavaScript error: resource://gre/modules/XULStore.sys.mjs, line 60: Error: Can't find profile directory.
1705752549442	addons.xpi	ERROR	System addon update list error SyntaxError: XMLHttpRequest.open: 'http://%(server)s/dummy-system-addons.xml' is not a valid URL.
JavaScript error: , line 0: NS_ERROR_NOT_AVAILABLE
1705838950907	addons.xpi	ERROR	System addon update list error SyntaxError: XMLHttpRequest.open: 'http://%(server)s/dummy-system-addons.xml' is not a valid URL.
JavaScript error: , line 0: NS_ERROR_NOT_AVAILABLE
1705925349225	addons.xpi	ERROR	System addon update list error SyntaxError: XMLHttpRequest.open: 'http://%(server)s/dummy-system-addons.xml' is not a valid URL.
JavaScript error: , line 0: NS_ERROR_NOT_AVAILABLE
1706011750183	addons.xpi	ERROR	System addon update list error SyntaxError: XMLHttpRequest.open: 'http://%(server)s/dummy-system-addons.xml' is not a valid URL.
JavaScript error: , line 0: NS_ERROR_NOT_AVAILABLE
1706098150044	addons.xpi	ERROR	System addon update list error SyntaxError: XMLHttpRequest.open: 'http://%(server)s/dummy-system-addons.xml' is not a valid URL.
JavaScript error: , line 0: NS_ERROR_NOT_AVAILABLE
1706198258919	addons.xpi	ERROR	System addon update list error SyntaxError: XMLHttpRequest.open: 'http://%(server)s/dummy-system-addons.xml' is not a valid URL.
JavaScript error: , line 0: NS_ERROR_NOT_AVAILABLE
DevTools listening on ws://127.0.0.1:55686/devtools/browser/79955ef6-076e-436a-8004-648e466214f6
console.error: ({})
JavaScript error: resource://gre/modules/XULStore.sys.mjs, line 60: Error: Can't find profile directory.
1705752594840	addons.xpi	ERROR	System addon update list error SyntaxError: XMLHttpRequest.open: 'http://%(server)s/dummy-system-addons.xml' is not a valid URL.
JavaScript error: , line 0: NS_ERROR_NOT_AVAILABLE
1705838995317	addons.xpi	ERROR	System addon update list error SyntaxError: XMLHttpRequest.open: 'http://%(server)s/dummy-system-addons.xml' is not a valid URL.
JavaScript error: , line 0: NS_ERROR_NOT_AVAILABLE
1705925395235	addons.xpi	ERROR	System addon update list error SyntaxError: XMLHttpRequest.open: 'http://%(server)s/dummy-system-addons.xml' is not a valid URL.
JavaScript error: , line 0: NS_ERROR_NOT_AVAILABLE
1706011795954	addons.xpi	ERROR	System addon update list error SyntaxError: XMLHttpRequest.open: 'http://%(server)s/dummy-system-addons.xml' is not a valid URL.
JavaScript error: , line 0: NS_ERROR_NOT_AVAILABLE
1706098196849	addons.xpi	ERROR	System addon update list error SyntaxError: XMLHttpRequest.open: 'http://%(server)s/dummy-system-addons.xml' is not a valid URL.
JavaScript error: , line 0: NS_ERROR_NOT_AVAILABLE
1706198248108	addons.xpi	ERROR	System addon update list error SyntaxError: XMLHttpRequest.open: 'http://%(server)s/dummy-system-addons.xml' is not a valid URL.
JavaScript error: , line 0: NS_ERROR_NOT_AVAILABLE
ULStore.sys.mjs, line 60: Error: Can't find profile directory.
1705752621604	addons.xpi	ERROR	System addon update list erro1705752621755	mozrunner::runner	INFO	Running command: "C:\\Program Files\\Mozilla Firefox\\firefox.exJavaScript error: , line 0: NS_ERROR_NOT_AVAILABLE
1705839022473	addons.xpi	ERROR	System addon update list error SyntaxError: XMLHttpRequest.open: 'http://%(server)s/dummy-system-addons.xml' is not a valid URL.
JavaScript error: , line 0: NS_ERROR_NOT_AVAILABLE
1705925422725	addons.xpi	ERROR	System addon update list error SyntaxError: XMLHttpRequest.open: 'http://%(server)s/dummy-system-addons.xml' is not a valid URL.
JavaScript error: , line 0: NS_ERROR_NOT_AVAILABLE
1706011823470	addons.xpi	ERROR	System addon update list error SyntaxError: XMLHttpRequest.open: 'http://%(server)s/dummy-system-addons.xml' is not a valid URL.
JavaScript error: , line 0: NS_ERROR_NOT_AVAILABLE
1706098224148	addons.xpi	ERROR	System addon update list error SyntaxError: XMLHttpRequest.open: 'http://%(server)s/dummy-system-addons.xml' is not a valid URL.
JavaScript error: , line 0: NS_ERROR_NOT_AVAILABLE
1706198251936	addons.xpi	ERROR	System addon update list error SyntaxError: XMLHttpRequest.open: 'http://%(server)s/dummy-system-addons.xml' is not a valid URL.
JavaScript error: , line 0: NS_ERROR_NOT_AVAILABLE
ULStore.sys.mjs, line 60: Error: Can't find profile directory.
1705752652047	addons.xpi	ERROR	System addon update list error SyntaxError: XMLHttpRequest.open: 'http://%(server)s/dummy-system-addons.xml' is not a valid URL.
JavaScript error: , line 0: NS_ERROR_NOT_AVAILABLE
1705839053177	addons.xpi	ERROR	System addon update list error SyntaxError: XMLHttpRequest.open: 'http://%(server)s/dummy-system-addons.xml' is not a valid URL.
JavaScript error: , line 0: NS_ERROR_NOT_AVAILABLE
1705925453427	addons.xpi	ERROR	System addon update list error SyntaxError: XMLHttpRequest.open: 'http://%(server)s/dummy-system-addons.xml' is not a valid URL.
JavaScript error: , line 0: NS_ERROR_NOT_AVAILABLE
1706011854481	addons.xpi	ERROR	System addon update list error SyntaxError: XMLHttpRequest.open: 'http://%(server)s/dummy-system-addons.xml' is not a valid URL.
JavaScript error: , line 0: NS_ERROR_NOT_AVAILABLE
1706098253642	addons.xpi	ERROR	System addon update list error SyntaxError: XMLHttpRequest.open: 'http://%(server)s/dummy-system-addons.xml' is not a valid URL.
JavaScript error: , line 0: NS_ERROR_NOT_AVAILABLE
1706198239367	addons.xpi	ERROR	System addon update list error SyntaxError: XMLHttpRequest.open: 'http://%(server)s/dummy-system-addons.xml' is not a valid URL.
JavaScript error: , line 0: NS_ERROR_NOT_AVAILABLE
torSWGL failed mapping default framebuffer, no dt
console.error: ({})
DevTools listening on ws://127.0.0.1:56253/devtools/browser/917bb2c2-b568-4c15-95a0-d14506bed08a
1705752733987	geckodriver	INFO	Listening on 127.0.0.1:56337
1705752737040	mozrunner::runner	INFO	Running command: "C:\\Program Files\\Mozilla Firefox\\firefox.exe" "--marionette" "--user-agent=Mozilla/5.0 (Macintosh; Intel ... 8" "--remote-allow-hosts" "localhost" "-no-remote" "-profile" "C:\\Users\\Rhass\\AppData\\Local\\Temp\\rust_mozprofileXFSqNi"
*** You are running in headless mode.
console.warn: services.settings: Ignoring preference override of remote settings server
console.warn: services.settings: Allow by setting MOZ_REMOTE_SETTINGS_DEVTOOLS=1 in the environment
1705752737291	Marionette	INFO	Marionette enabled
Dynamically enable window occlusion 0
console.error: "Warning: unrecognized command line flag" "-user-agent"
1705752737350	Marionette	INFO	Listening on port 56345
WebDriver BiDi listening on ws://127.0.0.1:56338
Read port: 56345
1705752737496	RemoteAgent	WARN	TLS certificate errors will be ignored for this session
1705752737520	RemoteAgent	INFO	Proxy settings initialised: {"proxyType":"manual","httpProxy":"127.0.0.1:56336","sslProxy":"127.0.0.1:56336"}
[GFX1-]: RenderCompositorSWGL failed mapping default framebuffer, no dt
console.error: ({})
DevTools listening on ws://127.0.0.1:56338/devtools/browser/9848c1dc-5714-4f11-9453-6bef52c30fc8
Exiting due to channel error.
Exiting due to channel error.
1705752752003	geckodriver	INFO	Listening on 127.0.0.1:56380
1705752755062	mozrunner::runner	INFO	Running command: "C:\\Program Files\\Mozilla Firefox\\firefox.exe" "--marionette" "user-agent=Mozilla/5.0 (Macintosh; Intel M ... 1" "--remote-allow-hosts" "localhost" "-no-remote" "-profile" "C:\\Users\\Rhass\\AppData\\Local\\Temp\\rust_mozprofilezqne49"
*** You are running in headless mode.
console.warn: services.settings: Ignoring preference override of remote settings server
console.warn: services.settings: Allow by setting MOZ_REMOTE_SETTINGS_DEVTOOLS=1 in the environment
1705752755311	Marionette	INFO	Marionette enabled
Dynamically enable window occlusion 0
1705752755368	Marionette	INFO	Listening on port 56388
WebDriver BiDi listening on ws://127.0.0.1:56381
Read port: 56388
1705752755509	RemoteAgent	WARN	TLS certificate errors will be ignored for this session
1705752755533	RemoteAgent	INFO	Proxy settings initialised: {"proxyType":"manual","httpProxy":"127.0.0.1:56379","sslProxy":"127.0.0.1:56379"}
[GFX1-]: RenderCompositorSWGL failed mapping default framebuffer, no dt
console.error: ({})
DevTools listening on ws://127.0.0.1:56381/devtools/browser/30e2e23e-6004-4c69-894f-2a57b922ef3b
console.error: ({})
JavaScript error: resource://gre/modules/XULStore.sys.mjs, line 60: Error: Can't find profile directory.
1705752785343	addons.xpi	ERROR	System addon update list error SyntaxError: XMLHttpRequest.open: 'http://%(server)s/dummy-system-addons.xml' is not a valid URL.
JavaScript error: , line 0: NS_ERROR_NOT_AVAILABLE
1705839185321	addons.xpi	ERROR	System addon update list error SyntaxError: XMLHttpRequest.open: 'http://%(server)s/dummy-system-addons.xml' is not a valid URL.
JavaScript error: , line 0: NS_ERROR_NOT_AVAILABLE
1705925586050	addons.xpi	ERROR	System addon update list error SyntaxError: XMLHttpRequest.open: 'http://%(server)s/dummy-system-addons.xml' is not a valid URL.
JavaScript error: , line 0: NS_ERROR_NOT_AVAILABLE
1706011986252	addons.xpi	ERROR	System addon update list error SyntaxError: XMLHttpRequest.open: 'http://%(server)s/dummy-system-addons.xml' is not a valid URL.
JavaScript error: , line 0: NS_ERROR_NOT_AVAILABLE
1706098386012	addons.xpi	ERROR	System addon update list error SyntaxError: XMLHttpRequest.open: 'http://%(server)s/dummy-system-addons.xml' is not a valid URL.
JavaScript error: , line 0: NS_ERROR_NOT_AVAILABLE
1706198335761	addons.xpi	ERROR	System addon update list error SyntaxError: XMLHttpRequest.open: 'http://%(server)s/dummy-system-addons.xml' is not a valid URL.
JavaScript error: , line 0: NS_ERROR_NOT_AVAILABLE
DevTools listening on ws://127.0.0.1:62060/devtools/browser/9ed1f0f1-b64e-45ff-b408-ee688e8c9d05
Exiting due to channel error.
Exiting due to channel error.
Exiting due to channel error.
1705753286314	geckodriver	INFO	Listening on 127.0.0.1:62198
1705753353135	geckodriver	INFO	Listening on 127.0.0.1:62250
1705753356216	mozrunner::runner	INFO	Running command: "C:\\Program Files\\Mozilla Firefox\\firefox.exe" "--marionette" "user-agent=[Mozilla/5.0 (Macintosh; Intel  ... 1" "--remote-allow-hosts" "localhost" "-no-remote" "-profile" "C:\\Users\\Rhass\\AppData\\Local\\Temp\\rust_mozprofileON2s6h"
*** You are running in headless mode.
console.warn: services.settings: Ignoring preference override of remote settings server
console.warn: services.settings: Allow by setting MOZ_REMOTE_SETTINGS_DEVTOOLS=1 in the environment
1705753356476	Marionette	INFO	Marionette enabled
Dynamically enable window occlusion 0
JavaScript error: resource://gre/modules/URIFixup.sys.mjs, line 447: NS_ERROR_MALFORMED_URI: Couldn't build a valid uri
console.error: ({})
1705753356534	Marionette	INFO	Listening on port 62258
WebDriver BiDi listening on ws://127.0.0.1:62251
Read port: 62258
1705753356679	RemoteAgent	WARN	TLS certificate errors will be ignored for this session
1705753356707	RemoteAgent	INFO	Proxy settings initialised: {"proxyType":"manual","httpProxy":"127.0.0.1:62249","sslProxy":"127.0.0.1:62249"}
[GFX1-]: RenderCompositorSWGL failed mapping default framebuffer, no dt
console.error: ({})
DevTools listening on ws://127.0.0.1:62251/devtools/browser/fd5a9a44-5b1c-460f-973b-efb0681771d0
console.error: ({})
JavaScript error: resource://gre/modules/XULStore.sys.mjs, line 60: Error: Can't find profile directory.
1705753386501	addons.xpi	ERROR	System addon update list error SyntaxError: XMLHttpRequest.open: 'http://%(server)s/dummy-system-addons.xml' is not a valid URL.
JavaScript error: , line 0: NS_ERROR_NOT_AVAILABLE
1705839786999	addons.xpi	ERROR	System addon update list error SyntaxError: XMLHttpRequest.open: 'http://%(server)s/dummy-system-addons.xml' is not a valid URL.
JavaScript error: , line 0: NS_ERROR_NOT_AVAILABLE
1705926190257	addons.xpi	ERROR	System addon update list error SyntaxError: XMLHttpRequest.open: 'http://%(server)s/dummy-system-addons.xml' is not a valid URL.
JavaScript error: , line 0: NS_ERROR_NOT_AVAILABLE
1706012604271	addons.xpi	ERROR	System addon update list error SyntaxError: XMLHttpRequest.open: 'http://%(server)s/dummy-system-addons.xml' is not a valid URL.
JavaScript error: , line 0: NS_ERROR_NOT_AVAILABLE
1706099004368	addons.xpi	ERROR	System addon update list error SyntaxError: XMLHttpRequest.open: 'http://%(server)s/dummy-system-addons.xml' is not a valid URL.
JavaScript error: , line 0: NS_ERROR_NOT_AVAILABLE
1706198244965	addons.xpi	ERROR	System addon update list error SyntaxError: XMLHttpRequest.open: 'http://%(server)s/dummy-system-addons.xml' is not a valid URL.
JavaScript error: , line 0: NS_ERROR_NOT_AVAILABLE
DevTools listening on ws://127.0.0.1:62345/devtools/browser/52f44940-8c11-4ed0-8cb8-6109e47ff8bb
console.error: ({})
JavaScript error: resource://gre/modules/XULStore.sys.mjs, line 60: Error: Can't find profile directory.
1705753446691	addons.xpi	ERROR	System addon update list error SyntaxError: XMLHttpRequest.open: 'http://%(server)s/dummy-system-addons.xml' is not a valid URL.
JavaScript error: , line 0: NS_ERROR_NOT_AVAILABLE
1705839848043	addons.xpi	ERROR	System addon update list error SyntaxError: XMLHttpRequest.open: 'http://%(server)s/dummy-system-addons.xml' is not a valid URL.
JavaScript error: , line 0: NS_ERROR_NOT_AVAILABLE
1705926249271	addons.xpi	ERROR	System addon update list error SyntaxError: XMLHttpRequest.open: 'http://%(server)s/dummy-system-addons.xml' is not a valid URL.
JavaScript error: , line 0: NS_ERROR_NOT_AVAILABLE
1706012650373	addons.xpi	ERROR	System addon update list error SyntaxError: XMLHttpRequest.open: 'http://%(server)s/dummy-system-addons.xml' is not a valid URL.
JavaScript error: , line 0: NS_ERROR_NOT_AVAILABLE
1706099049714	addons.xpi	ERROR	System addon update list error SyntaxError: XMLHttpRequest.open: 'http://%(server)s/dummy-system-addons.xml' is not a valid URL.
JavaScript error: , line 0: NS_ERROR_NOT_AVAILABLE
1706198288275	addons.xpi	ERROR	System addon update list error SyntaxError: XMLHttpRequest.open: 'http://%(server)s/dummy-system-addons.xml' is not a valid URL.
JavaScript error: , line 0: NS_ERROR_NOT_AVAILABLE
DevTools listening on ws://127.0.0.1:62648/devtools/browser/dc43fe82-65e7-4faf-b629-d7631136215f
Exiting due to channel error.
Exiting due to channel error.
1705753642313	geckodriver	INFO	Listening on 127.0.0.1:62715
1705753645389	mozrunner::runner	INFO	Running command: "C:\\Program Files\\Mozilla Firefox\\firefox.exe" "--marionette" "start-maximized" "--headless" "--remote-de ... 6" "--remote-allow-hosts" "localhost" "-no-remote" "-profile" "C:\\Users\\Rhass\\AppData\\Local\\Temp\\rust_mozprofilecFUqqH"
*** You are running in headless mode.
console.warn: services.settings: Ignoring preference override of remote settings server
console.warn: services.settings: Allow by setting MOZ_REMOTE_SETTINGS_DEVTOOLS=1 in the environment
1705753645640	Marionette	INFO	Marionette enabled
Dynamically enable window occlusion 0
1705753645699	Marionette	INFO	Listening on port 62724
WebDriver BiDi listening on ws://127.0.0.1:62716
Read port: 62724
1705753645840	RemoteAgent	WARN	TLS certificate errors will be ignored for this session
1705753645871	RemoteAgent	INFO	Proxy settings initialised: {"proxyType":"manual","httpProxy":"127.0.0.1:62714","sslProxy":"127.0.0.1:62714"}
[GFX1-]: RenderCompositorSWGL failed mapping default framebuffer, no dt
console.error: ({})
DevTools listening on ws://127.0.0.1:62716/devtools/browser/2960c37b-bbe9-40ad-b4ae-1f124c1908b3
Exiting due to channel error.
1705753760733	geckodriver	INFO	Listening on 127.0.0.1:62807
1705753859611	geckodriver	INFO	Listening on 127.0.0.1:62873
1705753862678	mozrunner::runner	INFO	Running command: "C:\\Program Files\\Mozilla Firefox\\firefox.exe" "--marionette" "user-agent=Mozilla/5.0 (Macintosh; Intel M ... 4" "--remote-allow-hosts" "localhost" "-no-remote" "-profile" "C:\\Users\\Rhass\\AppData\\Local\\Temp\\rust_mozprofilemaaPPQ"
*** You are running in headless mode.
console.warn: services.settings: Ignoring preference override of remote settings server
console.warn: services.settings: Allow by setting MOZ_REMOTE_SETTINGS_DEVTOOLS=1 in the environment
1705753862935	Marionette	INFO	Marionette enabled
Dynamically enable window occlusion 0
1705753862997	Marionette	INFO	Listening on port 62881
WebDriver BiDi listening on ws://127.0.0.1:62874
Read port: 62881
1705753863140	RemoteAgent	WARN	TLS certificate errors will be ignored for this session
1705753863171	RemoteAgent	INFO	Proxy settings initialised: {"proxyType":"manual","httpProxy":"127.0.0.1:62872","sslProxy":"127.0.0.1:62872"}
[GFX1-]: RenderCompositorSWGL failed mapping default framebuffer, no dt
console.error: ({})
DevTools listening on ws://127.0.0.1:62874/devtools/browser/6a9e2284-b1ca-463b-92b2-d3ef25c7d4e5
console.error: ({})
JavaScript error: resource://gre/modules/XULStore.sys.mjs, line 60: Error: Can't find profile directory.
1705753892969	addons.xpi	ERROR	System addon update list error SyntaxError: XMLHttpRequest.open: 'http://%(server)s/dummy-system-addons.xml' is not a valid URL.
JavaScript error: , line 0: NS_ERROR_NOT_AVAILABLE
1705840294948	addons.xpi	ERROR	System addon update list error SyntaxError: XMLHttpRequest.open: 'http://%(server)s/dummy-system-addons.xml' is not a valid URL.
JavaScript error: , line 0: NS_ERROR_NOT_AVAILABLE
1705926696820	addons.xpi	ERROR	System addon update list error SyntaxError: XMLHttpRequest.open: 'http://%(server)s/dummy-system-addons.xml' is not a valid URL.
JavaScript error: , line 0: NS_ERROR_NOT_AVAILABLE
1706013097498	addons.xpi	ERROR	System addon update list error SyntaxError: XMLHttpRequest.open: 'http://%(server)s/dummy-system-addons.xml' is not a valid URL.
JavaScript error: , line 0: NS_ERROR_NOT_AVAILABLE
1706099498100	addons.xpi	ERROR	System addon update list error SyntaxError: XMLHttpRequest.open: 'http://%(server)s/dummy-system-addons.xml' is not a valid URL.
JavaScript error: , line 0: NS_ERROR_NOT_AVAILABLE
1706198277214	addons.xpi	ERROR	System addon update list error SyntaxError: XMLHttpRequest.open: 'http://%(server)s/dummy-system-addons.xml' is not a valid URL.
JavaScript error: , line 0: NS_ERROR_NOT_AVAILABLE
or: resource://gre/modules/XULStore.sys.mjs, line 60: Error: Can't find profile directory.
console.warn: "Failed to enumerate CacheStorage for host http://localhost:8000: TypeError: caches is null"
1705753927575	addons.xpi	ERROR	System addon update list error SyntaxError: XMLHttpRequest.open: 'http://%(server)s/dummy-system-addons.xml' is not a valid URL.
console.warn: "Failed to enumerate CacheStorage for host http://localhost:8000: TypeError: caches is null"
console.error: "Tried to call unwatchFronts for the 'accessibility' type on an already destroyed front 'windowGlobalTarget'."
console.error: ({})
console.warn: "Listener for event 'frame' did not return a promise."
A content process crashed and MOZ_CRASHREPORTER_SHUTDOWN is set, shutting down
A content process crashed and MOZ_CRASHREPORTER_SHUTDOWN is set, shutting down
1705753951981	Marionette	INFO	Stopped listening on port 62939
Dynamically enable window occlusion 1
A content process crashed and MOZ_CRASHREPORTER_SHUTDOWN is set, shutting down
A content process crashed and MOZ_CRASHREPORTER_SHUTDOWN is set, shutting down
A content process crashed and MOZ_CRASHREPORTER_SHUTDOWN is set, shutting down
1705754056352	geckodriver	INFO	Listening on 127.0.0.1:63148
1705754059410	mozrunner::runner	INFO	Running command: "C:\\Program Files\\Mozilla Firefox\\firefox.exe" "--marionette" "user-agent=Mozilla/4.0 (compatible; MSIE 7 ... 9" "--remote-allow-hosts" "localhost" "-no-remote" "-profile" "C:\\Users\\Rhass\\AppData\\Local\\Temp\\rust_mozprofilegNa1Zv"
console.warn: services.settings: Ignoring preference override of remote settings server
console.warn: services.settings: Allow by setting MOZ_REMOTE_SETTINGS_DEVTOOLS=1 in the environment
1705754059678	Marionette	INFO	Marionette enabled
Dynamically enable window occlusion 0
1705754059742	Marionette	INFO	Listening on port 63156
WebDriver BiDi listening on ws://127.0.0.1:63149
Read port: 63156
1705754059893	RemoteAgent	WARN	TLS certificate errors will be ignored for this session
1705754059920	RemoteAgent	INFO	Proxy settings initialised: {"proxyType":"manual","httpProxy":"127.0.0.1:63147","sslProxy":"127.0.0.1:63147"}
DevTools listening on ws://127.0.0.1:63149/devtools/browser/61f0f8da-ba13-43e1-8ff1-0a609b202406
console.warn: "Failed to enumerate CacheStorage for host https://user-agent=mozilla: TypeError: caches is null"
console.warn: "Failed to enumerate localStorage for host https://user-agent=mozilla: [Exception... \"Component is not available\"  nsresult: \"0x80040111 (NS_ERROR_NOT_AVAILABLE)\"  location: \"JS frame :: resource://devtools/server/actors/resources/storage/local-and-session-storage.js :: populateStoresForHost :: line 79\"  data: no]"
console.warn: "Failed to enumerate sessionStorage for host https://user-agent=mozilla: [Exception... \"Component is not available\"  nsresult: \"0x80040111 (NS_ERROR_NOT_AVAILABLE)\"  location: \"JS frame :: resource://devtools/server/actors/resources/storage/local-and-session-storage.js :: populateStoresForHost :: line 79\"  data: no]"
console.warn: "Failed to enumerate CacheStorage for host http://localhost:8000: TypeError: caches is null"
console.error: ({})
console.warn: "Listener for event 'frame' did not return a promise."
JavaScript error: resource://gre/modules/XULStore.sys.mjs, line 60: Error: Can't find profile directory.
1705754089711	addons.xpi	ERROR	System addon update list error SyntaxError: XMLHttpRequest.open: 'http://%(server)s/dummy-system-addons.xml' is not a valid URL.
JavaScript error: resource://gre/modules/AsyncShutdown.sys.mjs, line 573: NotFoundError: No such JSWindowActor 'DevToolsFrame'
1705754103368	Marionette	INFO	Stopped listening on port 63156
Dynamically enable window occlusion 1
1706396093035	geckodriver	INFO	Listening on 127.0.0.1:52464
1706396096126	mozrunner::runner	INFO	Running command: "C:\\Program Files\\Mozilla Firefox\\firefox.exe" "--marionette" "start-maximized" "--remote-debugging-port" ... 5" "--remote-allow-hosts" "localhost" "-no-remote" "-profile" "C:\\Users\\Rhass\\AppData\\Local\\Temp\\rust_mozprofileia8CxZ"
console.warn: services.settings: Ignoring preference override of remote settings server
console.warn: services.settings: Allow by setting MOZ_REMOTE_SETTINGS_DEVTOOLS=1 in the environment
1706396096434	Marionette	INFO	Marionette enabled
Dynamically enable window occlusion 0
1706396096508	Marionette	INFO	Listening on port 52489
WebDriver BiDi listening on ws://127.0.0.1:52465
Read port: 52489
1706396096681	RemoteAgent	WARN	TLS certificate errors will be ignored for this session
1706396096711	RemoteAgent	INFO	Proxy settings initialised: {"proxyType":"manual","httpProxy":"127.0.0.1:52463","sslProxy":"127.0.0.1:52463"}
DevTools listening on ws://127.0.0.1:52465/devtools/browser/f856b574-bdce-4a58-b660-23d5aed26fdc
Exiting due to channel error.
Exiting due to channel error.
1706396124275	geckodriver	INFO	Listening on 127.0.0.1:52527
1706396127336	mozrunner::runner	INFO	Running command: "C:\\Program Files\\Mozilla Firefox\\firefox.exe" "--marionette" "start-maximized" "--remote-debugging-port" ... 8" "--remote-allow-hosts" "localhost" "-no-remote" "-profile" "C:\\Users\\Rhass\\AppData\\Local\\Temp\\rust_mozprofilecBimB4"
console.warn: services.settings: Ignoring preference override of remote settings server
console.warn: services.settings: Allow by setting MOZ_REMOTE_SETTINGS_DEVTOOLS=1 in the environment
1706396127610	Marionette	INFO	Marionette enabled
Dynamically enable window occlusion 0
1706396127677	Marionette	INFO	Listening on port 52535
WebDriver BiDi listening on ws://127.0.0.1:52528
Read port: 52535
1706396127823	RemoteAgent	WARN	TLS certificate errors will be ignored for this session
1706396127851	RemoteAgent	INFO	Proxy settings initialised: {"proxyType":"manual","httpProxy":"127.0.0.1:52526","sslProxy":"127.0.0.1:52526"}
DevTools listening on ws://127.0.0.1:52528/devtools/browser/2712af5a-ce1f-4a8b-8fa3-9bb0163a9a83
Exiting due to channel error.
Exiting due to channel error.
Exiting due to channel error.
Exiting due to channel error.
Exiting due to channel error.
1706396257783	geckodriver	INFO	Listening on 127.0.0.1:52641
1706396260852	mozrunner::runner	INFO	Running command: "C:\\Program Files\\Mozilla Firefox\\firefox.exe" "--marionette" "start-maximized" "--remote-debugging-port" ... 2" "--remote-allow-hosts" "localhost" "-no-remote" "-profile" "C:\\Users\\Rhass\\AppData\\Local\\Temp\\rust_mozprofilejoI0pe"
console.warn: services.settings: Ignoring preference override of remote settings server
console.warn: services.settings: Allow by setting MOZ_REMOTE_SETTINGS_DEVTOOLS=1 in the environment
1706396261105	Marionette	INFO	Marionette enabled
Dynamically enable window occlusion 0
1706396261167	Marionette	INFO	Listening on port 52649
WebDriver BiDi listening on ws://127.0.0.1:52642
Read port: 52649
1706396261312	RemoteAgent	WARN	TLS certificate errors will be ignored for this session
1706396261342	RemoteAgent	INFO	Proxy settings initialised: {"proxyType":"manual","httpProxy":"127.0.0.1:52640","sslProxy":"127.0.0.1:52640"}
DevTools listening on ws://127.0.0.1:52642/devtools/browser/39cb5060-7518-444f-90ae-9b0d3afbf8e8
Exiting due to channel error.
Exiting due to channel error.
1706396285775	geckodriver	INFO	Listening on 127.0.0.1:52696
1706396288840	mozrunner::runner	INFO	Running command: "C:\\Program Files\\Mozilla Firefox\\firefox.exe" "--marionette" "start-maximized" "--remote-debugging-port" ... 7" "--remote-allow-hosts" "localhost" "-no-remote" "-profile" "C:\\Users\\Rhass\\AppData\\Local\\Temp\\rust_mozprofileiB292A"
console.warn: services.settings: Ignoring preference override of remote settings server
console.warn: services.settings: Allow by setting MOZ_REMOTE_SETTINGS_DEVTOOLS=1 in the environment
1706396289088	Marionette	INFO	Marionette enabled
Dynamically enable window occlusion 0
1706396289151	Marionette	INFO	Listening on port 52704
WebDriver BiDi listening on ws://127.0.0.1:52697
Read port: 52704
1706396289294	RemoteAgent	WARN	TLS certificate errors will be ignored for this session
1706396289319	RemoteAgent	INFO	Proxy settings initialised: {"proxyType":"manual","httpProxy":"127.0.0.1:52695","sslProxy":"127.0.0.1:52695"}
DevTools listening on ws://127.0.0.1:52697/devtools/browser/09a92ecc-e962-423b-98e7-27b1c9c44838
Exiting due to channel error.
1706396364537	geckodriver	INFO	Listening on 127.0.0.1:52772
1706396367609	mozrunner::runner	INFO	Running command: "C:\\Program Files\\Mozilla Firefox\\firefox.exe" "--marionette" "--disable-blink-features=AutomationControl ... 3" "--remote-allow-hosts" "localhost" "-no-remote" "-profile" "C:\\Users\\Rhass\\AppData\\Local\\Temp\\rust_mozprofileVt3fOf"
console.warn: services.settings: Ignoring preference override of remote settings server
console.warn: services.settings: Allow by setting MOZ_REMOTE_SETTINGS_DEVTOOLS=1 in the environment
1706396367856	Marionette	INFO	Marionette enabled
Dynamically enable window occlusion 0
console.error: "Warning: unrecognized command line flag" "-disable-blink-features"
1706396367917	Marionette	INFO	Listening on port 52780
WebDriver BiDi listening on ws://127.0.0.1:52773
Read port: 52780
1706396368060	RemoteAgent	WARN	TLS certificate errors will be ignored for this session
1706396368086	RemoteAgent	INFO	Proxy settings initialised: {"proxyType":"manual","httpProxy":"127.0.0.1:52771","sslProxy":"127.0.0.1:52771"}
DevTools listening on ws://127.0.0.1:52773/devtools/browser/ccbe39d8-1c98-4b55-956b-62d80da11282
Exiting due to channel error.
Exiting due to channel error.
Exiting due to channel error.
1706396504177	geckodriver	INFO	Listening on 127.0.0.1:52883
1706396507235	mozrunner::runner	INFO	Running command: "C:\\Program Files\\Mozilla Firefox\\firefox.exe" "--marionette" "--disable-blink-features=AutomationControl ... 4" "--remote-allow-hosts" "localhost" "-no-remote" "-profile" "C:\\Users\\Rhass\\AppData\\Local\\Temp\\rust_mozprofileIP5uf0"
*** You are running in headless mode.
console.warn: services.settings: Ignoring preference override of remote settings server
console.warn: services.settings: Allow by setting MOZ_REMOTE_SETTINGS_DEVTOOLS=1 in the environment
1706396507489	Marionette	INFO	Marionette enabled
Dynamically enable window occlusion 0
console.error: "Warning: unrecognized command line flag" "-disable-blink-features"
1706396507546	Marionette	INFO	Listening on port 52891
WebDriver BiDi listening on ws://127.0.0.1:52884
Read port: 52891
1706396507696	RemoteAgent	WARN	TLS certificate errors will be ignored for this session
1706396507724	RemoteAgent	INFO	Proxy settings initialised: {"proxyType":"manual","httpProxy":"127.0.0.1:52882","sslProxy":"127.0.0.1:52882"}
[GFX1-]: RenderCompositorSWGL failed mapping default framebuffer, no dt
console.error: ({})
DevTools listening on ws://127.0.0.1:52884/devtools/browser/38f3fadf-0fc8-41e5-a01f-e419d758973e
Exiting due to channel error.
1706396537873	geckodriver	INFO	Listening on 127.0.0.1:52929
1706396540953	mozrunner::runner	INFO	Running command: "C:\\Program Files\\Mozilla Firefox\\firefox.exe" "--marionette" "--disable-blink-features=AutomationControl ... 0" "--remote-allow-hosts" "localhost" "-no-remote" "-profile" "C:\\Users\\Rhass\\AppData\\Local\\Temp\\rust_mozprofile88QHIY"
*** You are running in headless mode.
console.warn: services.settings: Ignoring preference override of remote settings server
console.warn: services.settings: Allow by setting MOZ_REMOTE_SETTINGS_DEVTOOLS=1 in the environment
1706396541209	Marionette	INFO	Marionette enabled
Dynamically enable window occlusion 0
console.error: "Warning: unrecognized command line flag" "-disable-blink-features"
1706396541269	Marionette	INFO	Listening on port 52939
WebDriver BiDi listening on ws://127.0.0.1:52930
Read port: 52939
1706396541423	RemoteAgent	WARN	TLS certificate errors will be ignored for this session
1706396541450	RemoteAgent	INFO	Proxy settings initialised: {"proxyType":"manual","httpProxy":"127.0.0.1:52928","sslProxy":"127.0.0.1:52928"}
[GFX1-]: RenderCompositorSWGL failed mapping default framebuffer, no dt
console.error: ({})
DevTools listening on ws://127.0.0.1:52930/devtools/browser/97379973-4c17-48ea-b795-88d07f963c50
Exiting due to channel error.
Exiting due to channel error.
1706396688595	geckodriver	INFO	Listening on 127.0.0.1:53036
1706396691660	mozrunner::runner	INFO	Running command: "C:\\Program Files\\Mozilla Firefox\\firefox.exe" "--marionette" "--disable-blink-features=AutomationControl ... 7" "--remote-allow-hosts" "localhost" "-no-remote" "-profile" "C:\\Users\\Rhass\\AppData\\Local\\Temp\\rust_mozprofile1Xm6pQ"
*** You are running in headless mode.
console.warn: services.settings: Ignoring preference override of remote settings server
console.warn: services.settings: Allow by setting MOZ_REMOTE_SETTINGS_DEVTOOLS=1 in the environment
1706396691906	Marionette	INFO	Marionette enabled
Dynamically enable window occlusion 0
console.error: "Warning: unrecognized command line flag" "-disable-blink-features"
1706396691962	Marionette	INFO	Listening on port 53045
WebDriver BiDi listening on ws://127.0.0.1:53037
Read port: 53045
1706396692008	RemoteAgent	WARN	TLS certificate errors will be ignored for this session
1706396692038	RemoteAgent	INFO	Proxy settings initialised: {"proxyType":"manual","httpProxy":"127.0.0.1:53035","sslProxy":"127.0.0.1:53035"}
[GFX1-]: RenderCompositorSWGL failed mapping default framebuffer, no dt
console.error: ({})
DevTools listening on ws://127.0.0.1:53037/devtools/browser/06a34d37-66aa-4a3d-8afe-eb7b1f6089e1
Exiting due to channel error.
Exiting due to channel error.
1706396701601	geckodriver	INFO	Listening on 127.0.0.1:53078
1706396704677	mozrunner::runner	INFO	Running command: "C:\\Program Files\\Mozilla Firefox\\firefox.exe" "--marionette" "start-maximized" "--headless" "--remote-de ... 9" "--remote-allow-hosts" "localhost" "-no-remote" "-profile" "C:\\Users\\Rhass\\AppData\\Local\\Temp\\rust_mozprofile8aQJAu"
*** You are running in headless mode.
console.warn: services.settings: Ignoring preference override of remote settings server
console.warn: services.settings: Allow by setting MOZ_REMOTE_SETTINGS_DEVTOOLS=1 in the environment
1706396704945	Marionette	INFO	Marionette enabled
Dynamically enable window occlusion 0
1706396705007	Marionette	INFO	Listening on port 53086
WebDriver BiDi listening on ws://127.0.0.1:53079
Read port: 53086
1706396705147	RemoteAgent	WARN	TLS certificate errors will be ignored for this session
1706396705175	RemoteAgent	INFO	Proxy settings initialised: {"proxyType":"manual","httpProxy":"127.0.0.1:53077","sslProxy":"127.0.0.1:53077"}
[GFX1-]: RenderCompositorSWGL failed mapping default framebuffer, no dt
console.error: ({})
DevTools listening on ws://127.0.0.1:53079/devtools/browser/2413086b-b3d3-4d25-a535-3d510c9a9ce3
1706396734977	addons.xpi	ERROR	System addon update list error SyntaxError: XMLHttpRequest.open: 'http://%(server)s/dummy-system-addons.xml' is not a valid URL.
A content process crashed and MOZ_CRASHREPORTER_SHUTDOWN is set, shutting down
JavaScript warning: https://www.google.com/xjs/_/js/k=xjs.hd.en.zOTXkiXoD0A.O/ck=xjs.hd.VFjtQjNQOn4.L.F4.O/am=AAAAAAAAAAAAAAAAAAAAAAAgAAAAQAINhEMANkAAAAAAAySAAIACRgCiEJAAYABAEPBQJgAAMAECQ2ACSBF4JgEAABNQBRAAAAAAAADBAEAAgQcEAACgAwBAAEUABiAIUAAEAAAAIA8AwQEwSEEAAAAAAAAAAAAAASYIwgUJQEAAAQAAAAAAAAAAAICUNFFhEA/d=1/exm=SNUn3,cEt90b,cdos,cr,csi,d,dtl0hd,eHDfl,hsm,jsa,mb4ZUb,qddgKe,sTsDMc/ed=1/dg=2/ujg=1/rs=ACT90oFdUappyhsvT7ASq6nkW5wj6a1ztg/ee=AfeaP:TkrAjf;Afksuc:wMx0R;BMxAGc:E5bFse;BgS6mb:fidj5d;BjwMce:cXX2Wb;CxXAWb:YyRLvc;DULqB:RKfG5c;DpcR3d:zL72xf;EABSZ:MXZt9d;ESrPQc:mNTJvc;EVNhjf:pw70Gc;EmZ2Bf:zr1jrb;EnlcNd:WeHg4;Erl4fe:FloWmf;F9mqte:UoRcbe;Fmv9Nc:O1Tzwc;G0KhTb:LIaoZ;G6wU6e:hezEbd;GleZL:J1A7Od;HMDDWe:G8QUdb;IBADCc:RYquRb;IoGlCf:b5lhvb;IsdWVc:qzxzOb;JXS8fb:Qj0suc;JbMT3:M25sS;JsbNhc:Xd8iUd;KOxcK:OZqGte;KQzWid:ZMKkN;KcokUb:KiuZBf;KeeMUb:HiPxjc;KpRAue:Tia57b;LBgRLc:SdcwHb,XVMNvd;LEikZe:byfTOb,lsjVmc;LsNahb:ucGLNb;Me32dd:MEeYgc;NPKaK:SdcwHb;NSEoX:lazG7b;Np8Qkd:Dpx6qc;Nyt6ic:jn2sGd;OgagBe:cNTe0;Oj465e:KG2eXe;OohIYe:mpEAQb;Pjplud:EEDORb,PoEs9b;Q1Ow7b:x5CSu;QGR0gd:Mlhmy;R4IIIb:QWfeKf;R9Ulx:CR7Ufe;RDNBlf:zPRCJb;SLtqO:Kh1xYe;SMDL4c:fTfGO,pnvXVc;SNUn3:ZwDk9d,x8cHvb;ShpF6e:N0pvGc;TxfV6d:YORN0b;U96pRd:FsR04;UDrY1c:eps46d;UVmjEd:EesRsb;UyG7Kb:wQd0G;V2HTTe:RolTY;VGRfx:VFqbr;VN6jIc:ddQyuf;VOcgDe:YquhTb;VsAqSb:PGf2Re;VxQ32b:k0XsBb;WCEKNd:I46Hvd;WDGyFe:jcVOxd;Wfmdue:g3MJlb;XUezZ:sa7lqb;YV5bee:IvPZ6d;ZWEUA:afR4Cf;a56pNe:JEfCwb;aAJE9c:WHW6Ef;aZ61od:arTwJ;bFZ6gf:RsDQqe;bcPXSc:gSZLJb;cEt90b:ws9Tlc;cFTWae:gT8qnd;coJ8e:KvoW8;dIoSBb:ZgGg9b;dLlj2:Qqt3Gf;daB6be:lMxGPd;dtl0hd:lLQWFe;eBAeSb:Ck63tb;eBZ5Nd:audvde;eHDfl:ofjVkb;eO3lse:nFClrf;fWLTFc:TVBJbf;g8nkx:U4MzKc;gaub4:TN6bMe;gtVSi:ekUOYd;h3MYod:cEt90b;hK67qb:QWEO5b;hLUtwc:KB8OKd;heHB1:sFczq;hjRo6e:F62sG;iFQyKf:QIhFr,vfuNJf;imqimf:jKGL2e;io8t5d:sgY6Zb;jY0zg:Q6tNgc;k2Qxcb:XY51pe;kCQyJ:ueyPK;kMFpHd:OTA3Ae;kbAm9d:MkHyGd;lkq0A:JyBE3e;nAFL3:NTMZac,s39S4;oGtAuc:sOXFj;oSUNyd:fTfGO,pnvXVc;oUlnpc:RagDlc;okUaUd:wItadb;pKJiXd:VCenhc;pNsl2d:j9Yuyc;pXdRYb:JKoKVe;pj82le:mg5CW;qZx2Fc:j0xrE;qaS3gd:yiLg6e;qavrXe:zQzcXe;qddgKe:d7YSfd,x4FYXe;rQSrae:C6D5Fc;sP4Vbe:VwDzFe;sTsDMc:kHVSUb;tH4IIe:Ymry6;tosKvd:ZCqP3;trZL0b:qY8PFe;uY49fb:COQbmf;uuQkY:u2V3ud;vGrMZ:lPJJ0c;vfVwPd:lcrkwe;w3bZCb:ZPGaIb;w4rSdf:XKiZ9;w9w86d:dt4g2b;wQlYve:aLUfP;wR5FRb:O1Gjze,TtcOte;wV5Pjc:L8KGxe;whEZac:F4AmNb;xBbsrc:NEW1Qc;yGxLoc:FmAr0c;yxTchf:KUM7Z;z97YGf:oug9te;zOsCQe:Ko78Df;zaIgPb:Qtpxbd/m=B2qlPe,DhPYme,GU4Gab,MpJwZc,NzU6V,UUJqVe,Wo3n8,aa,abd,async,epYOx,ms4mZb,mu,pHXghd,q0xTif,s39S4,sOXFj,sb_wiz,sf,spch?xjs=s1, line 27: Script terminated by timeout at:
zVb/<@https://www.google.com/xjs/_/js/k=xjs.hd.en.zOTXkiXoD0A.O/ck=xjs.hd.VFjtQjNQOn4.L.F4.O/am=AAAAAAAAAAAAAAAAAAAAAAAgAAAAQAINhEMANkAAAAAAAySAAIACRgCiEJAAYABAEPBQJgAAMAECQ2ACSBF4JgEAABNQBRAAAAAAAADBAEAAgQcEAACgAwBAAEUABiAIUAAEAAAAIA8AwQEwSEEAAAAAAAAAAAAAASYIwgUJQEAAAQAAAAAAAAAAAICUNFFhEA/d=1/exm=SNUn3,cEt90b,cdos,cr,csi,d,dtl0hd,eHDfl,hsm,jsa,mb4ZUb,qddgKe,sTsDMc/ed=1/dg=2/ujg=1/rs=ACT90oFdUappyhsvT7ASq6nkW5wj6a1ztg/ee=AfeaP:TkrAjf;Afksuc:wMx0R;BMxAGc:E5bFse;BgS6mb:fidj5d;BjwMce:cXX2Wb;CxXAWb:YyRLvc;DULqB:RKfG5c;DpcR3d:zL72xf;EABSZ:MXZt9d;ESrPQc:mNTJvc;EVNhjf:pw70Gc;EmZ2Bf:zr1jrb;EnlcNd:WeHg4;Erl4fe:FloWmf;F9mqte:UoRcbe;Fmv9Nc:O1Tzwc;G0KhTb:LIaoZ;G6wU6e:hezEbd;GleZL:J1A7Od;HMDDWe:G8QUdb;IBADCc:RYquRb;IoGlCf:b5lhvb;IsdWVc:qzxzOb;JXS8fb:Qj0suc;JbMT3:M25sS;JsbNhc:Xd8iUd;KOxcK:OZqGte;KQzWid:ZMKkN;KcokUb:KiuZBf;KeeMUb:HiPxjc;KpRAue:Tia57b;LBgRLc:SdcwHb,XVMNvd;LEikZe:byfTOb,lsjVmc;LsNahb:ucGLNb;Me32dd:MEeYgc;NPKaK:SdcwHb;NSEoX:lazG7b;Np8Qkd:Dpx6qc;Nyt6ic:jn2sGd;OgagBe:cNTe0;Oj465e:KG2eXe;OohIYe:mpEAQb;Pjplud:EEDORb,PoEs9b;Q1Ow7b:x5CSu;QGR0gd:Mlhmy;R4IIIb:QWfeKf;R9Ulx:CR7Ufe;RDNBlf:zPRCJb;SLtqO:Kh1xYe;SMDL4c:fTfGO,pnvXVc;SNUn3:ZwDk9d,x8cHvb;ShpF6e:N0pvGc;TxfV6d:YORN0b;U96pRd:FsR04;UDrY1c:eps46d;UVmjEd:EesRsb;UyG7Kb:wQd0G;V2HTTe:RolTY;VGRfx:VFqbr;VN6jIc:ddQyuf;VOcgDe:YquhTb;VsAqSb:PGf2Re;VxQ32b:k0XsBb;WCEKNd:I46Hvd;WDGyFe:jcVOxd;Wfmdue:g3MJlb;XUezZ:sa7lqb;YV5bee:IvPZ6d;ZWEUA:afR4Cf;a56pNe:JEfCwb;aAJE9c:WHW6Ef;aZ61od:arTwJ;bFZ6gf:RsDQqe;bcPXSc:gSZLJb;cEt90b:ws9Tlc;cFTWae:gT8qnd;coJ8e:KvoW8;dIoSBb:ZgGg9b;dLlj2:Qqt3Gf;daB6be:lMxGPd;dtl0hd:lLQWFe;eBAeSb:Ck63tb;eBZ5Nd:audvde;eHDfl:ofjVkb;eO3lse:nFClrf;fWLTFc:TVBJbf;g8nkx:U4MzKc;gaub4:TN6bMe;gtVSi:ekUOYd;h3MYod:cEt90b;hK67qb:QWEO5b;hLUtwc:KB8OKd;heHB1:sFczq;hjRo6e:F62sG;iFQyKf:QIhFr,vfuNJf;imqimf:jKGL2e;io8t5d:sgY6Zb;jY0zg:Q6tNgc;k2Qxcb:XY51pe;kCQyJ:ueyPK;kMFpHd:OTA3Ae;kbAm9d:MkHyGd;lkq0A:JyBE3e;nAFL3:NTMZac,s39S4;oGtAuc:sOXFj;oSUNyd:fTfGO,pnvXVc;oUlnpc:RagDlc;okUaUd:wItadb;pKJiXd:VCenhc;pNsl2d:j9Yuyc;pXdRYb:JKoKVe;pj82le:mg5CW;qZx2Fc:j0xrE;qaS3gd:yiLg6e;qavrXe:zQzcXe;qddgKe:d7YSfd,x4FYXe;rQSrae:C6D5Fc;sP4Vbe:VwDzFe;sTsDMc:kHVSUb;tH4IIe:Ymry6;tosKvd:ZCqP3;trZL0b:qY8PFe;uY49fb:COQbmf;uuQkY:u2V3ud;vGrMZ:lPJJ0c;vfVwPd:lcrkwe;w3bZCb:ZPGaIb;w4rSdf:XKiZ9;w9w86d:dt4g2b;wQlYve:aLUfP;wR5FRb:O1Gjze,TtcOte;wV5Pjc:L8KGxe;whEZac:F4AmNb;xBbsrc:NEW1Qc;yGxLoc:FmAr0c;yxTchf:KUM7Z;z97YGf:oug9te;zOsCQe:Ko78Df;zaIgPb:Qtpxbd/m=B2qlPe,DhPYme,GU4Gab,MpJwZc,NzU6V,UUJqVe,Wo3n8,aa,abd,async,epYOx,ms4mZb,mu,pHXghd,q0xTif,s39S4,sOXFj,sb_wiz,sf,spch?xjs=s1:27:991

A content process crashed and MOZ_CRASHREPORTER_SHUTDOWN is set, shutting down
1706396755933	Marionette	INFO	Stopped listening on port 53086
Dynamically enable window occlusion 1
1706396773124	geckodriver	INFO	Listening on 127.0.0.1:53200
1706396776169	mozrunner::runner	INFO	Running command: "C:\\Program Files\\Mozilla Firefox\\firefox.exe" "--marionette" "start-maximized" "--remote-debugging-port" ... 1" "--remote-allow-hosts" "localhost" "-no-remote" "-profile" "C:\\Users\\Rhass\\AppData\\Local\\Temp\\rust_mozprofileIDCozj"
console.warn: services.settings: Ignoring preference override of remote settings server
console.warn: services.settings: Allow by setting MOZ_REMOTE_SETTINGS_DEVTOOLS=1 in the environment
1706396776424	Marionette	INFO	Marionette enabled
Dynamically enable window occlusion 0
1706396776489	Marionette	INFO	Listening on port 53208
WebDriver BiDi listening on ws://127.0.0.1:53201
Read port: 53208
1706396776634	RemoteAgent	WARN	TLS certificate errors will be ignored for this session
1706396776665	RemoteAgent	INFO	Proxy settings initialised: {"proxyType":"manual","httpProxy":"127.0.0.1:53199","sslProxy":"127.0.0.1:53199"}
DevTools listening on ws://127.0.0.1:53201/devtools/browser/19dbf8e1-6256-4dcf-8691-0cc98a84886a
JavaScript warning: https://www.google.com/xjs/_/js/k=xjs.hd.en.zOTXkiXoD0A.O/am=AAAAAAAAAAAAAAAAAAAAAAAgAAAAQAINhEMANkAAAAAAAySAAIACRgCiEJAAYABAEPBQJgAAMAECQ2ACSBF4JwEAABNQBRAAAAAAAADBAEAAgQcEAACgAwBAAEUABiAIUAAEAAAAIA8AwQEwSEEAAAAAAAAAAAAAASYIwgUJQEAAAQAAAAAAAAAAAICUNFFhEA/d=1/ed=1/dg=2/rs=ACT90oFk0Sss6T_sIaHQ5b0qhFXqrmQHug/ee=AfeaP:TkrAjf;Afksuc:wMx0R;BMxAGc:E5bFse;BgS6mb:fidj5d;BjwMce:cXX2Wb;CxXAWb:YyRLvc;DULqB:RKfG5c;DpcR3d:zL72xf;EABSZ:MXZt9d;ESrPQc:mNTJvc;EVNhjf:pw70Gc;EmZ2Bf:zr1jrb;EnlcNd:WeHg4;Erl4fe:FloWmf,FloWmf;F9mqte:UoRcbe;Fmv9Nc:O1Tzwc;G0KhTb:LIaoZ;G6wU6e:hezEbd;GleZL:J1A7Od;HMDDWe:G8QUdb;IBADCc:RYquRb;IoGlCf:b5lhvb;IsdWVc:qzxzOb;JXS8fb:Qj0suc;JbMT3:M25sS;JsbNhc:Xd8iUd;KOxcK:OZqGte;KQzWid:ZMKkN;KcokUb:KiuZBf;KeeMUb:HiPxjc;KpRAue:Tia57b;LBgRLc:SdcwHb,XVMNvd;LEikZe:byfTOb,lsjVmc;LsNahb:ucGLNb;Me32dd:MEeYgc;NPKaK:SdcwHb;NSEoX:lazG7b;Np8Qkd:Dpx6qc;Nyt6ic:jn2sGd;OgagBe:cNTe0;Oj465e:KG2eXe,KG2eXe;OohIYe:mpEAQb;Pjplud:EEDORb,PoEs9b;Q1Ow7b:x5CSu;QGR0gd:Mlhmy;R4IIIb:QWfeKf;R9Ulx:CR7Ufe;RDNBlf:zPRCJb;SLtqO:Kh1xYe;SMDL4c:fTfGO,pnvXVc;SNUn3:ZwDk9d,x8cHvb;ShpF6e:N0pvGc;TxfV6d:YORN0b;U96pRd:FsR04;UDrY1c:eps46d;UVmjEd:EesRsb;UyG7Kb:wQd0G;V2HTTe:RolTY;VGRfx:VFqbr;VN6jIc:ddQyuf;VOcgDe:YquhTb;VsAqSb:PGf2Re;VxQ32b:k0XsBb;WCEKNd:I46Hvd;WDGyFe:jcVOxd;Wfmdue:g3MJlb;XUezZ:sa7lqb;YV5bee:IvPZ6d;ZWEUA:afR4Cf;a56pNe:JEfCwb;aAJE9c:WHW6Ef;aZ61od:arTwJ;bFZ6gf:RsDQqe;bcPXSc:gSZLJb;cEt90b:ws9Tlc;cFTWae:gT8qnd;coJ8e:KvoW8;dIoSBb:ZgGg9b;dLlj2:Qqt3Gf;daB6be:lMxGPd;dtl0hd:lLQWFe;eBAeSb:Ck63tb;eBZ5Nd:audvde;eHDfl:ofjVkb;eO3lse:nFClrf;fWLTFc:TVBJbf;g8nkx:U4MzKc;gaub4:TN6bMe;gtVSi:ekUOYd;h3MYod:cEt90b;hK67qb:QWEO5b;hLUtwc:KB8OKd;heHB1:sFczq;hjRo6e:F62sG;iFQyKf:QIhFr,vfuNJf;imqimf:jKGL2e;io8t5d:sgY6Zb;jY0zg:Q6tNgc;k2Qxcb:XY51pe;kCQyJ:ueyPK;kMFpHd:OTA3Ae;kbAm9d:MkHyGd;lkq0A:JyBE3e;nAFL3:NTMZac,s39S4;oGtAuc:sOXFj;oSUNyd:fTfGO,fTfGO,pnvXVc;oUlnpc:RagDlc;okUaUd:wItadb;pKJiXd:VCenhc;pNsl2d:j9Yuyc;pXdRYb:JKoKVe;pj82le:mg5CW;qZx2Fc:j0xrE;qaS3gd:yiLg6e;qavrXe:zQzcXe;qddgKe:d7YSfd,x4FYXe;rQSrae:C6D5Fc;sP4Vbe:VwDzFe;sTsDMc:kHVSUb;tH4IIe:Ymry6;tosKvd:ZCqP3;trZL0b:qY8PFe;uY49fb:COQbmf;uuQkY:u2V3ud;vGrMZ:lPJJ0c;vfVwPd:lcrkwe;w3bZCb:ZPGaIb;w4rSdf:XKiZ9;w9w86d:dt4g2b;wQlYve:aLUfP;wR5FRb:O1Gjze,TtcOte;wV5Pjc:L8KGxe;whEZac:F4AmNb;xBbsrc:NEW1Qc;yGxLoc:FmAr0c;yxTchf:KUM7Z;z97YGf:oug9te;zOsCQe:Ko78Df;zaIgPb:Qtpxbd/m=cdos,cr,hsm,jsa,mb4ZUb,d,csi,cEt90b,SNUn3,qddgKe,sTsDMc,dtl0hd,eHDfl, line 426: Script terminated by timeout at:
b@https://www.google.com/xjs/_/js/k=xjs.hd.en.zOTXkiXoD0A.O/am=AAAAAAAAAAAAAAAAAAAAAAAgAAAAQAINhEMANkAAAAAAAySAAIACRgCiEJAAYABAEPBQJgAAMAECQ2ACSBF4JwEAABNQBRAAAAAAAADBAEAAgQcEAACgAwBAAEUABiAIUAAEAAAAIA8AwQEwSEEAAAAAAAAAAAAAASYIwgUJQEAAAQAAAAAAAAAAAICUNFFhEA/d=1/ed=1/dg=2/rs=ACT90oFk0Sss6T_sIaHQ5b0qhFXqrmQHug/ee=AfeaP:TkrAjf;Afksuc:wMx0R;BMxAGc:E5bFse;BgS6mb:fidj5d;BjwMce:cXX2Wb;CxXAWb:YyRLvc;DULqB:RKfG5c;DpcR3d:zL72xf;EABSZ:MXZt9d;ESrPQc:mNTJvc;EVNhjf:pw70Gc;EmZ2Bf:zr1jrb;EnlcNd:WeHg4;Erl4fe:FloWmf,FloWmf;F9mqte:UoRcbe;Fmv9Nc:O1Tzwc;G0KhTb:LIaoZ;G6wU6e:hezEbd;GleZL:J1A7Od;HMDDWe:G8QUdb;IBADCc:RYquRb;IoGlCf:b5lhvb;IsdWVc:qzxzOb;JXS8fb:Qj0suc;JbMT3:M25sS;JsbNhc:Xd8iUd;KOxcK:OZqGte;KQzWid:ZMKkN;KcokUb:KiuZBf;KeeMUb:HiPxjc;KpRAue:Tia57b;LBgRLc:SdcwHb,XVMNvd;LEikZe:byfTOb,lsjVmc;LsNahb:ucGLNb;Me32dd:MEeYgc;NPKaK:SdcwHb;NSEoX:lazG7b;Np8Qkd:Dpx6qc;Nyt6ic:jn2sGd;OgagBe:cNTe0;Oj465e:KG2eXe,KG2eXe;OohIYe:mpEAQb;Pjplud:EEDORb,PoEs9b;Q1Ow7b:x5CSu;QGR0gd:Mlhmy;R4IIIb:QWfeKf;R9Ulx:CR7Ufe;RDNBlf:zPRCJb;SLtqO:Kh1xYe;SMDL4c:fTfGO,pnvXVc;SNUn3:ZwDk9d,x8cHvb;ShpF6e:N0pvGc;TxfV6d:YORN0b;U96pRd:FsR04;UDrY1c:eps46d;UVmjEd:EesRsb;UyG7Kb:wQd0G;V2HTTe:RolTY;VGRfx:VFqbr;VN6jIc:ddQyuf;VOcgDe:YquhTb;VsAqSb:PGf2Re;VxQ32b:k0XsBb;WCEKNd:I46Hvd;WDGyFe:jcVOxd;Wfmdue:g3MJlb;XUezZ:sa7lqb;YV5bee:IvPZ6d;ZWEUA:afR4Cf;a56pNe:JEfCwb;aAJE9c:WHW6Ef;aZ61od:arTwJ;bFZ6gf:RsDQqe;bcPXSc:gSZLJb;cEt90b:ws9Tlc;cFTWae:gT8qnd;coJ8e:KvoW8;dIoSBb:ZgGg9b;dLlj2:Qqt3Gf;daB6be:lMxGPd;dtl0hd:lLQWFe;eBAeSb:Ck63tb;eBZ5Nd:audvde;eHDfl:ofjVkb;eO3lse:nFClrf;fWLTFc:TVBJbf;g8nkx:U4MzKc;gaub4:TN6bMe;gtVSi:ekUOYd;h3MYod:cEt90b;hK67qb:QWEO5b;hLUtwc:KB8OKd;heHB1:sFczq;hjRo6e:F62sG;iFQyKf:QIhFr,vfuNJf;imqimf:jKGL2e;io8t5d:sgY6Zb;jY0zg:Q6tNgc;k2Qxcb:XY51pe;kCQyJ:ueyPK;kMFpHd:OTA3Ae;kbAm9d:MkHyGd;lkq0A:JyBE3e;nAFL3:NTMZac,s39S4;oGtAuc:sOXFj;oSUNyd:fTfGO,fTfGO,pnvXVc;oUlnpc:RagDlc;okUaUd:wItadb;pKJiXd:VCenhc;pNsl2d:j9Yuyc;pXdRYb:JKoKVe;pj82le:mg5CW;qZx2Fc:j0xrE;qaS3gd:yiLg6e;qavrXe:zQzcXe;qddgKe:d7YSfd,x4FYXe;rQSrae:C6D5Fc;sP4Vbe:VwDzFe;sTsDMc:kHVSUb;tH4IIe:Ymry6;tosKvd:ZCqP3;trZL0b:qY8PFe;uY49fb:COQbmf;uuQkY:u2V3ud;vGrMZ:lPJJ0c;vfVwPd:lcrkwe;w3bZCb:ZPGaIb;w4rSdf:XKiZ9;w9w86d:dt4g2b;wQlYve:aLUfP;wR5FRb:O1Gjze,TtcOte;wV5Pjc:L8KGxe;whEZac:F4AmNb;xBbsrc:NEW1Qc;yGxLoc:FmAr0c;yxTchf:KUM7Z;z97YGf:oug9te;zOsCQe:Ko78Df;zaIgPb:Qtpxbd/m=cdos,cr,hsm,jsa,mb4ZUb,d,csi,cEt90b,SNUn3,qddgKe,sTsDMc,dtl0hd,eHDfl:426:40

1706396784729	Marionette	INFO	Stopped listening on port 53208
Dynamically enable window occlusion 1
1706396799233	geckodriver	INFO	Listening on 127.0.0.1:53296
1706396802291	mozrunner::runner	INFO	Running command: "C:\\Program Files\\Mozilla Firefox\\firefox.exe" "--marionette" "start-maximized" "--remote-debugging-port" ... 7" "--remote-allow-hosts" "localhost" "-no-remote" "-profile" "C:\\Users\\Rhass\\AppData\\Local\\Temp\\rust_mozprofileFEAT5M"
console.warn: services.settings: Ignoring preference override of remote settings server
console.warn: services.settings: Allow by setting MOZ_REMOTE_SETTINGS_DEVTOOLS=1 in the environment
1706396802547	Marionette	INFO	Marionette enabled
Dynamically enable window occlusion 0
1706396802614	Marionette	INFO	Listening on port 53304
WebDriver BiDi listening on ws://127.0.0.1:53297
Read port: 53304
1706396802768	RemoteAgent	WARN	TLS certificate errors will be ignored for this session
1706396802792	RemoteAgent	INFO	Proxy settings initialised: {"proxyType":"manual","httpProxy":"127.0.0.1:53295","sslProxy":"127.0.0.1:53295"}
DevTools listening on ws://127.0.0.1:53297/devtools/browser/4810220e-ffb9-4720-9ffa-e31b01405d5e
JavaScript warning: https://c.adsco.re/, line 55: WEBGL_debug_renderer_info is deprecated in Firefox and will be removed. Please use RENDERER.
JavaScript warning: https://cuplikenominee.com/1clkn/13128, line 1: WEBGL_debug_renderer_info is deprecated in Firefox and will be removed. Please use RENDERER.
JavaScript warning: https://cuplikenominee.com/1clkn/13128, line 1: WEBGL_debug_renderer_info is deprecated in Firefox and will be removed. Please use RENDERER.
JavaScript warning: https://cuplikenominee.com/1clkn/13128, line 2: WEBGL_debug_renderer_info is deprecated in Firefox and will be removed. Please use RENDERER.
JavaScript warning: https://cuplikenominee.com/1clkn/13128, line 3: WEBGL_debug_renderer_info is deprecated in Firefox and will be removed. Please use RENDERER.
JavaScript warning: https://www.googletagmanager.com/gtag/js?id=G-2E2Q0WVYTS, line 471: Script terminated by timeout at:
ba.wh@https://www.googletagmanager.com/gtag/js?id=G-2E2Q0WVYTS:471:89
get@https://www.googletagmanager.com/gtag/js?id=G-2E2Q0WVYTS:469:119
stop@https://www.googletagmanager.com/gtag/js?id=G-2E2Q0WVYTS:469:87
ba.Ok/c/<@https://www.googletagmanager.com/gtag/js?id=G-2E2Q0WVYTS:469:412

1706396811261	Marionette	INFO	Stopped listening on port 53304
Dynamically enable window occlusion 1
1706398075965	geckodriver	INFO	Listening on 127.0.0.1:54689
1706398079016	mozrunner::runner	INFO	Running command: "C:\\Program Files\\Mozilla Firefox\\firefox.exe" "--marionette" "start-maximized" "--headless" "--remote-de ... 0" "--remote-allow-hosts" "localhost" "-no-remote" "-profile" "C:\\Users\\Rhass\\AppData\\Local\\Temp\\rust_mozprofilezk3HhT"
*** You are running in headless mode.
console.warn: services.settings: Ignoring preference override of remote settings server
console.warn: services.settings: Allow by setting MOZ_REMOTE_SETTINGS_DEVTOOLS=1 in the environment
1706398079268	Marionette	INFO	Marionette enabled
Dynamically enable window occlusion 0
1706398079326	Marionette	INFO	Listening on port 54697
WebDriver BiDi listening on ws://127.0.0.1:54690
Read port: 54697
1706398079460	RemoteAgent	WARN	TLS certificate errors will be ignored for this session
1706398079488	RemoteAgent	INFO	Proxy settings initialised: {"proxyType":"manual","httpProxy":"127.0.0.1:54688","sslProxy":"127.0.0.1:54688"}
[GFX1-]: RenderCompositorSWGL failed mapping default framebuffer, no dt
console.error: ({})
DevTools listening on ws://127.0.0.1:54690/devtools/browser/a8fe90df-c3ef-414a-acb4-6c917fed0de6
JavaScript warning: https://c.adsco.re/, line 55: WEBGL_debug_renderer_info is deprecated in Firefox and will be removed. Please use RENDERER.
JavaScript warning: https://cuplikenominee.com/1clkn/13128, line 1: WEBGL_debug_renderer_info is deprecated in Firefox and will be removed. Please use RENDERER.
JavaScript warning: https://cuplikenominee.com/1clkn/13128, line 1: WEBGL_debug_renderer_info is deprecated in Firefox and will be removed. Please use RENDERER.
JavaScript warning: https://cuplikenominee.com/1clkn/13128, line 2: WEBGL_debug_renderer_info is deprecated in Firefox and will be removed. Please use RENDERER.
JavaScript warning: https://cuplikenominee.com/1clkn/13128, line 3: WEBGL_debug_renderer_info is deprecated in Firefox and will be removed. Please use RENDERER.
1706398086709	Marionette	WARN	Ignoring event 'DOMContentLoaded' because document has an invalid readyState of 'complete'.
JavaScript warning: https://rock.defybrick.com/placement_invocation?id=65349&idx=0, line 1: WEBGL_debug_renderer_info is deprecated in Firefox and will be removed. Please use RENDERER.
1706398109298	addons.xpi	ERROR	System addon update list error SyntaxError: XMLHttpRequest.open: 'http://%(server)s/dummy-system-addons.xml' is not a valid URL.
console.warn: LoginRecipes: "Falling back to a synchronous message for: https://ouo.io."
JavaScript warning: https://c.adsco.re/, line 55: WEBGL_debug_renderer_info is deprecated in Firefox and will be removed. Please use RENDERER.
JavaScript warning: https://c.adsco.re/, line 55: WEBGL_debug_renderer_info is deprecated in Firefox and will be removed. Please use RENDERER.
JavaScript warning: https://c.adsco.re/, line 55: WEBGL_debug_renderer_info is deprecated in Firefox and will be removed. Please use RENDERER.
JavaScript warning: https://c.adsco.re/, line 55: WEBGL_debug_renderer_info is deprecated in Firefox and will be removed. Please use RENDERER.
JavaScript warning: https://c.adsco.re/, line 55: WEBGL_debug_renderer_info is deprecated in Firefox and will be removed. Please use RENDERER.
JavaScript warning: https://c.adsco.re/, line 55: WEBGL_debug_renderer_info is deprecated in Firefox and will be removed. Please use RENDERER.
JavaScript warning: https://c.adsco.re/, line 55: WEBGL_debug_renderer_info is deprecated in Firefox and will be removed. Please use RENDERER.
JavaScript warning: https://c.adsco.re/, line 55: WEBGL_debug_renderer_info is deprecated in Firefox and will be removed. Please use RENDERER.
JavaScript warning: https://c.adsco.re/, line 55: WEBGL_debug_renderer_info is deprecated in Firefox and will be removed. Please use RENDERER.
JavaScript warning: https://c.adsco.re/, line 55: WEBGL_debug_renderer_info is deprecated in Firefox and will be removed. Please use RENDERER.
JavaScript warning: https://c.adsco.re/, line 55: WEBGL_debug_renderer_info is deprecated in Firefox and will be removed. Please use RENDERER.
JavaScript warning: https://c.adsco.re/, line 55: WEBGL_debug_renderer_info is deprecated in Firefox and will be removed. Please use RENDERER.
JavaScript warning: https://c.adsco.re/, line 55: WEBGL_debug_renderer_info is deprecated in Firefox and will be removed. Please use RENDERER.
JavaScript warning: https://c.adsco.re/, line 55: WEBGL_debug_renderer_info is deprecated in Firefox and will be removed. Please use RENDERER.
JavaScript warning: https://c.adsco.re/, line 55: WEBGL_debug_renderer_info is deprecated in Firefox and will be removed. Please use RENDERER.
JavaScript warning: https://c.adsco.re/, line 55: WEBGL_debug_renderer_info is deprecated in Firefox and will be removed. Please use RENDERER.
JavaScript warning: https://c.adsco.re/, line 55: WEBGL_debug_renderer_info is deprecated in Firefox and will be removed. Please use RENDERER.
JavaScript warning: https://c.adsco.re/, line 55: WEBGL_debug_renderer_info is deprecated in Firefox and will be removed. Please use RENDERER.
JavaScript warning: https://c.adsco.re/, line 55: WEBGL_debug_renderer_info is deprecated in Firefox and will be removed. Please use RENDERER.
JavaScript warning: https://c.adsco.re/, line 55: WEBGL_debug_renderer_info is deprecated in Firefox and will be removed. Please use RENDERER.
JavaScript warning: https://c.adsco.re/, line 55: WEBGL_debug_renderer_info is deprecated in Firefox and will be removed. Please use RENDERER.
JavaScript warning: https://c.adsco.re/, line 55: WEBGL_debug_renderer_info is deprecated in Firefox and will be removed. Please use RENDERER.
JavaScript warning: https://c.adsco.re/, line 55: WEBGL_debug_renderer_info is deprecated in Firefox and will be removed. Please use RENDERER.
JavaScript warning: https://c.adsco.re/, line 55: WEBGL_debug_renderer_info is deprecated in Firefox and will be removed. Please use RENDERER.
JavaScript warning: https://c.adsco.re/, line 55: WEBGL_debug_renderer_info is deprecated in Firefox and will be removed. Please use RENDERER.
JavaScript warning: https://c.adsco.re/, line 55: WEBGL_debug_renderer_info is deprecated in Firefox and will be removed. Please use RENDERER.
JavaScript warning: https://c.adsco.re/, line 55: WEBGL_debug_renderer_info is deprecated in Firefox and will be removed. Please use RENDERER.
JavaScript warning: https://c.adsco.re/, line 55: WEBGL_debug_renderer_info is deprecated in Firefox and will be removed. Please use RENDERER.
JavaScript warning: https://c.adsco.re/, line 55: WEBGL_debug_renderer_info is deprecated in Firefox and will be removed. Please use RENDERER.
JavaScript warning: https://c.adsco.re/, line 55: WEBGL_debug_renderer_info is deprecated in Firefox and will be removed. Please use RENDERER.
JavaScript warning: https://c.adsco.re/, line 55: WEBGL_debug_renderer_info is deprecated in Firefox and will be removed. Please use RENDERER.
JavaScript warning: https://c.adsco.re/, line 55: WEBGL_debug_renderer_info is deprecated in Firefox and will be removed. Please use RENDERER.
JavaScript warning: https://c.adsco.re/, line 55: WEBGL_debug_renderer_info is deprecated in Firefox and will be removed. Please use RENDERER.
JavaScript warning: https://c.adsco.re/, line 55: WEBGL_debug_renderer_info is deprecated in Firefox and will be removed. Please use RENDERER.
JavaScript warning: https://c.adsco.re/, line 55: WEBGL_debug_renderer_info is deprecated in Firefox and will be removed. Please use RENDERER.
JavaScript warning: https://c.adsco.re/, line 55: WEBGL_debug_renderer_info is deprecated in Firefox and will be removed. Please use RENDERER.
JavaScript warning: https://c.adsco.re/, line 55: WEBGL_debug_renderer_info is deprecated in Firefox and will be removed. Please use RENDERER.
JavaScript warning: https://c.adsco.re/, line 55: WEBGL_debug_renderer_info is deprecated in Firefox and will be removed. Please use RENDERER.
JavaScript warning: https://c.adsco.re/, line 55: WEBGL_debug_renderer_info is deprecated in Firefox and will be removed. Please use RENDERER.
JavaScript warning: https://c.adsco.re/, line 55: WEBGL_debug_renderer_info is deprecated in Firefox and will be removed. Please use RENDERER.
JavaScript warning: https://c.adsco.re/, line 55: WEBGL_debug_renderer_info is deprecated in Firefox and will be removed. Please use RENDERER.
JavaScript warning: https://c.adsco.re/, line 55: WEBGL_debug_renderer_info is deprecated in Firefox and will be removed. Please use RENDERER.
JavaScript warning: https://c.adsco.re/, line 55: WEBGL_debug_renderer_info is deprecated in Firefox and will be removed. Please use RENDERER.
JavaScript warning: https://c.adsco.re/, line 55: WEBGL_debug_renderer_info is deprecated in Firefox and will be removed. Please use RENDERER.
JavaScript warning: https://c.adsco.re/, line 55: WEBGL_debug_renderer_info is deprecated in Firefox and will be removed. Please use RENDERER.
JavaScript warning: https://c.adsco.re/, line 55: WEBGL_debug_renderer_info is deprecated in Firefox and will be removed. Please use RENDERER.
JavaScript warning: https://c.adsco.re/, line 55: WEBGL_debug_renderer_info is deprecated in Firefox and will be removed. Please use RENDERER.
JavaScript warning: https://c.adsco.re/, line 55: WEBGL_debug_renderer_info is deprecated in Firefox and will be removed. Please use RENDERER.
JavaScript warning: https://c.adsco.re/, line 55: WEBGL_debug_renderer_info is deprecated in Firefox and will be removed. Please use RENDERER.
JavaScript warning: https://c.adsco.re/, line 55: WEBGL_debug_renderer_info is deprecated in Firefox and will be removed. Please use RENDERER.
JavaScript warning: https://c.adsco.re/, line 55: WEBGL_debug_renderer_info is deprecated in Firefox and will be removed. Please use RENDERER.
JavaScript warning: https://c.adsco.re/, line 55: WEBGL_debug_renderer_info is deprecated in Firefox and will be removed. Please use RENDERER.
JavaScript warning: https://c.adsco.re/, line 55: WEBGL_debug_renderer_info is deprecated in Firefox and will be removed. Please use RENDERER.
JavaScript warning: https://c.adsco.re/, line 55: WEBGL_debug_renderer_info is deprecated in Firefox and will be removed. Please use RENDERER.
JavaScript warning: https://c.adsco.re/, line 55: WEBGL_debug_renderer_info is deprecated in Firefox and will be removed. Please use RENDERER.
://c.adsco.re/, line 55: WEBGL_debug_renderer_info is deprecated in Firefox and will be removed. Please use RENDERER.
JavaScript warning: https://c.adsco.re/, line 55: WEBGL_debug_renderer_info is deprecated in Firefox and will be removed. Please use RENDERER.
JavaScript warning: https://c.adsco.re/, line 55: WEBGL_debug_renderer_info is deprecated in Firefox and will be removed. Please use RENDERER.
JavaScript warning: https://c.adsco.re/, line 55: WEBGL_debug_renderer_info is deprecated in Firefox and will be removed. Please use RENDERER.
JavaScript warning: https://c.adsco.re/, line 55: WEBGL_debug_renderer_info is deprecated in Firefox and will be removed. Please use RENDERER.
JavaScript warning: https://c.adsco.re/, line 55: WEBGL_debug_renderer_info is deprecated in Firefox and will be removed. Please use RENDERER.
JavaScript warning: https://c.adsco.re/, line 55: WEBGL_debug_renderer_info is deprecated in Firefox and will be removed. Please use RENDERER.
JavaScript warning: https://c.adsco.re/, line 55: WEBGL_debug_renderer_info is deprecated in Firefox and will be removed. Please use RENDERER.
JavaScript warning: https://c.adsco.re/, line 55: WEBGL_debug_renderer_info is deprecated in Firefox and will be removed. Please use RENDERER.
JavaScript warning: https://c.adsco.re/, line 55: WEBGL_debug_renderer_info is deprecated in Firefox and will be removed. Please use RENDERER.
JavaScript warning: https://c.adsco.re/, line 55: WEBGL_debug_renderer_info is deprecated in Firefox and will be removed. Please use RENDERER.
JavaScript warning: https://c.adsco.re/, line 55: WEBGL_debug_renderer_info is deprecated in Firefox and will be removed. Please use RENDERER.
JavaScript warning: https://c.adsco.re/, line 55: WEBGL_debug_renderer_info is deprecated in Firefox and will be removed. Please use RENDERER.
JavaScript warning: https://c.adsco.re/, line 55: WEBGL_debug_renderer_info is deprecated in Firefox and will be removed. Please use RENDERER.
JavaScript warning: https://c.adsco.re/, line 55: WEBGL_debug_renderer_info is deprecated in Firefox and will be removed. Please use RENDERER.
JavaScript warning: https://c.adsco.re/, line 55: WEBGL_debug_renderer_info is deprecated in Firefox and will be removed. Please use RENDERER.
JavaScript warning: https://c.adsco.re/, line 55: WEBGL_debug_renderer_info is deprecated in Firefox and will be removed. Please use RENDERER.
JavaScript warning: https://c.adsco.re/, line 55: WEBGL_debug_renderer_info is deprecated in Firefox and will be removed. Please use RENDERER.
JavaScript warning: https://c.adsco.re/, line 55: WEBGL_debug_renderer_info is deprecated in Firefox and will be removed. Please use RENDERER.
" "--remote-allow-hosts" "localhost" "-no-remote" "-profile" "C:\\Users\\Rhass\\AppData\\Local\\Temp\\rust_mozprofilebsfu3g"
console.warn: services.settings: Ignoring preference override of remote settings server
console.warn: services.settings: Allow by setting MOZ_REMOTE_SETTINGS_DEVTOOLS=1 in the environment
1706440354665	Marionette	INFO	Marionette enabled
Dynamically enable window occlusion 0
1706440354738	Marionette	INFO	Listening on port 52363
WebDriver BiDi listening on ws://127.0.0.1:52356
Read port: 52363
1706440354909	RemoteAgent	WARN	TLS certificate errors will be ignored for this session
1706440354944	RemoteAgent	INFO	Proxy settings initialised: {"proxyType":"manual","httpProxy":"127.0.0.1:52354","sslProxy":"127.0.0.1:52354"}
DevTools listening on ws://127.0.0.1:52356/devtools/browser/0df068da-3ea3-44f4-b818-94d976c5661b
JavaScript warning: https://cuplikenominee.com/1clkn/48786, line 1: WEBGL_debug_renderer_info is deprecated in Firefox and will be removed. Please use RENDERER.
JavaScript warning: https://cuplikenominee.com/1clkn/48786, line 1: WEBGL_debug_renderer_info is deprecated in Firefox and will be removed. Please use RENDERER.
console.error: ({})
JavaScript warning: https://jsc.adskeeper.com/a/d/adtrue.ouo.press.991771.es6.js, line 203: WEBGL_debug_renderer_info is deprecated in Firefox and will be removed. Please use RENDERER.
1706440372165	Marionette	WARN	Ignoring event 'pageshow' because document has an invalid readyState of 'uninitialized'.
1706440374232	Marionette	WARN	Ignoring event 'pageshow' because document has an invalid readyState of 'uninitialized'.
1706440375011	Marionette	WARN	Ignoring event 'pageshow' because document has an invalid readyState of 'uninitialized'.
1706440384962	addons.xpi	ERROR	System addon update list error SyntaxError: XMLHttpRequest.open: 'http://%(server)s/dummy-system-addons.xml' is not a valid URL.
1706440390601	Marionette	WARN	Ignoring event 'DOMContentLoaded' because document has an invalid readyState of 'complete'.
SourceActor threw an exception: [Exception... "Failed to open input source 'chrome://global/content/neterror/aboutNetErrorCodes.js'"  nsresult: "0x805303f4 (<unknown>)"  location: "JS frame :: resource://devtools/shared/DevToolsUtils.js :: mainThreadFetch/< :: line 711"  data: yes]
Stack: mainThreadFetch/<@resource://devtools/shared/DevToolsUtils.js:711:15
mainThreadFetch@resource://devtools/shared/DevToolsUtils.js:558:10
_fetchURLContents@resource://devtools/server/actors/utils/sources-manager.js:460:22
urlContents@resource://devtools/server/actors/utils/sources-manager.js:424:17
_resurrectSource@resource://devtools/server/actors/thread.js:2197:33
addAllSources@resource://devtools/server/actors/thread.js:1518:14
watch@resource://devtools/server/actors/resources/sources.js:81:17
watchResources@resource://devtools/server/actors/resources/index.js:324:19
addOrSetSessionDataEntry@resource://devtools/server/actors/targets/session-data-processors/resources.js:19:21
addOrSetSessionDataEntry@resource://devtools/server/actors/targets/base-target-actor.js:49:23
_addOrSetSessionDataEntry@resource://devtools/server/connectors/js-window-actor/DevToolsFrameChild.sys.mjs:540:24
receiveMessage@resource://devtools/server/connectors/js-window-actor/DevToolsFrameChild.sys.mjs:442:21
Line: 711, column: 0
console.error: ({})
SourceActor threw an exception: [Exception... "Failed to open input source 'chrome://global/content/neterror/aboutNetErrorCodes.js'"  nsresult: "0x805303f4 (<unknown>)"  location: "JS frame :: resource://devtools/shared/DevToolsUtils.js :: mainThreadFetch/< :: line 711"  data: yes]
Stack: mainThreadFetch/<@resource://devtools/shared/DevToolsUtils.js:711:15
mainThreadFetch@resource://devtools/shared/DevToolsUtils.js:558:10
_fetchURLContents@resource://devtools/server/actors/utils/sources-manager.js:460:22
urlContents@resource://devtools/server/actors/utils/sources-manager.js:424:17
_resurrectSource@resource://devtools/server/actors/thread.js:2197:33
addAllSources@resource://devtools/server/actors/thread.js:1518:14
watch@resource://devtools/server/actors/resources/sources.js:81:17
watchResources@resource://devtools/server/actors/resources/index.js:324:19
addOrSetSessionDataEntry@resource://devtools/server/actors/targets/session-data-processors/resources.js:19:21
addOrSetSessionDataEntry@resource://devtools/server/actors/targets/base-target-actor.js:49:23
_addOrSetSessionDataEntry@resource://devtools/server/connectors/js-window-actor/DevToolsFrameChild.sys.mjs:540:24
receiveMessage@resource://devtools/server/connectors/js-window-actor/DevToolsFrameChild.sys.mjs:442:21
Line: 711, column: 0
console.error: ({})
JavaScript error: resource://devtools/shared/DevToolsUtils.js, line 711: Failed to open input source 'chrome://global/content/neterror/aboutNetErrorCodes.js'
JavaScript error: resource://devtools/shared/DevToolsUtils.js, line 711: Failed to open input source 'chrome://global/content/neterror/aboutNetErrorCodes.js'
JavaScript error: resource://devtools/client/framework/devtools.js, line 880: TypeError: inspector is undefined
console.warn: LoginRecipes: "Falling back to a synchronous message for: https://ouo.press."
console.warn: "Already started legacy listener for root-node on server0.conn0.windowGlobal6442450986/windowGlobalTarget2"
console.warn: "Listener for event 'frame' did not return a promise."
console.warn: "Listener for event 'frame' did not return a promise."
console.warn: "Listener for event 'frame' did not return a promise."
console.warn: "Listener for event 'frame' did not return a promise."
console.error: ({})
JavaScript warning: https://c.adsco.re/, line 55: WEBGL_debug_renderer_info is deprecated in Firefox and will be removed. Please use RENDERER.
console.warn: "Listener for event 'frame' did not return a promise."
console.warn: "getSourceActorBreakableLines failed: Error: Connection closed, pending request to server0.conn0.windowGlobal49392123905/source18, type getBreakableLines failed\n\nRequest stack:\nrequest@resource://devtools/shared/protocol/Front.js:300:14\ngenerateRequestMethods/</frontProto[name]@resource://devtools/shared/protocol/Front/FrontClassWithSpec.js:47:19\ngetSourceActorBreakableLines@resource://devtools/client/debugger/src/client/firefox/commands.js:459:36\nsetBreakableLines/<@resource://devtools/client/debugger/src/actions/sources/breakableLines.js:61:37\nthunk/</</<@resource://devtools/client/debugger/src/actions/utils/middleware/thunk.js:29:45\ndispatch@resource://devtools/client/shared/vendor/redux.js:681:28\nnewGeneratedSources/</<@resource://devtools/client/debugger/src/actions/sources/newSources.js:332:17\n"
NetworkHelper.parseSecurityInfo threw an exception: Security state 0 has no known STATE_IS_* flags.
console.error: "Security state 0 has no known STATE_IS_* flags."
NetworkHelper.parseSecurityInfo threw an exception: Security state 0 has no known STATE_IS_* flags.
console.error: "Security state 0 has no known STATE_IS_* flags."
JavaScript error: resource://devtools/client/debugger/src/utils/context.js, line 46: Error: DebuggerContextError: Obsolete source actor (source 'server0.conn0.windowGlobal49392123905/source18' no longer exists)
JavaScript warning: resource://devtools/server/actors/utils/event-loop.js, line 82: debuggee 'https://c.adsco.re/:76' would run
JavaScript error: , line 0: NotFoundError: No such JSWindowActor 'DevToolsFrame'
JavaScript error: , line 0: NotFoundError: No such JSWindowActor 'DevToolsFrame'
JavaScript error: , line 0: NotFoundError: No such JSWindowActor 'DevToolsFrame'
JavaScript error: , line 0: NotFoundError: No such JSWindowActor 'DevToolsFrame'
JavaScript error: , line 0: NotFoundError: No such JSWindowActor 'DevToolsFrame'
JavaScript error: , line 0: NotFoundError: No such JSWindowActor 'DevToolsFrame'
JavaScript error: , line 0: NotFoundError: No such JSWindowActor 'DevToolsFrame'
JavaScript error: , line 0: NotFoundError: No such JSWindowActor 'DevToolsFrame'
console.warn: LoginRecipes: "Falling back to a synchronous message for: https://ouo.press."
console.error: ({})
1706440415652	Marionette	INFO	Stopped listening on port 52363
Dynamically enable window occlusion 1
